<?xml version="1.0" encoding="UTF-8"?>
<!-- Generated by org.testng.reporters.JUnitXMLReporter -->
<testsuite ignored="0" hostname="Sarvesh" failures="0" tests="4" name="Test" time="44.904" errors="0" timestamp="2024-02-29T17:35:01 IST">
  <testcase classname="Manipal_Orange_HRN.project.orange_HRM_Test_NG.Login" name="LoginTest" time="6.467"/>
  <testcase classname="Manipal_Orange_HRN.project.orange_HRM_Test_NG.Login" name="LoginTest" time="5.757"/>
  <testcase classname="Manipal_Orange_HRN.project.orange_HRM_Test_NG.Login" name="LoginTest" time="6.591"/>
  <testcase classname="Manipal_Orange_HRN.project.orange_HRM_Test_NG.Login" name="LoginTest" time="8.245"/>
</testsuite> <!-- Test -->
