<?xml version="1.0" encoding="UTF-8"?>
<!-- Generated by org.testng.reporters.JUnitXMLReporter -->
<testsuite ignored="0" hostname="Sarvesh" failures="0" tests="5" name="Test" time="59.623" errors="0" timestamp="2024-02-29T17:36:39 IST">
  <testcase classname="Manipal_Orange_HRN.project.orange_HRM_Test_NG.Login" name="LoginTest" time="6.543"/>
  <testcase classname="Manipal_Orange_HRN.project.orange_HRM_Test_NG.Login" name="LoginTest" time="5.874"/>
  <testcase classname="Manipal_Orange_HRN.project.orange_HRM_Test_NG.Login" name="LoginTest" time="5.886"/>
  <testcase classname="Manipal_Orange_HRN.project.orange_HRM_Test_NG.Login" name="LoginTest" time="7.923"/>
  <testcase classname="Manipal_Orange_HRN.project.orange_HRM_Test_NG.Login" name="LoginTest" time="5.962"/>
</testsuite> <!-- Test -->
