<?xml version="1.0" encoding="UTF-8"?>
<testng-results ignored="0" total="5" passed="5" failed="0" skipped="0">
  <reporter-output>
  </reporter-output>
  <suite started-at="2024-02-29T17:35:39 IST" name="Suite" finished-at="2024-02-29T17:36:39 IST" duration-ms="59623">
    <groups>
    </groups>
    <test started-at="2024-02-29T17:35:39 IST" name="Test" finished-at="2024-02-29T17:36:39 IST" duration-ms="59623">
      <class name="Manipal_Orange_HRN.project.orange_HRM_Test_NG.Delete">
        <test-method signature="LoginTest()[pri:0, instance:Manipal_Orange_HRN.project.orange_HRM_Test_NG.Delete@2b48a640]" started-at="2024-02-29T17:36:27 IST" name="LoginTest" finished-at="2024-02-29T17:36:33 IST" duration-ms="5962" status="PASS">
          <reporter-output>
          </reporter-output>
        </test-method> <!-- LoginTest -->
        <test-method is-config="true" signature="Deletefile()[pri:0, instance:Manipal_Orange_HRN.project.orange_HRM_Test_NG.Delete@2b48a640]" started-at="2024-02-29T17:36:33 IST" name="Deletefile" finished-at="2024-02-29T17:36:39 IST" duration-ms="5842" status="PASS">
          <reporter-output>
          </reporter-output>
        </test-method> <!-- Deletefile -->
      </class> <!-- Manipal_Orange_HRN.project.orange_HRM_Test_NG.Delete -->
      <class name="Manipal_Orange_HRN.project.orange_HRM_Test_NG.Job_Details">
        <test-method signature="LoginTest()[pri:0, instance:Manipal_Orange_HRN.project.orange_HRM_Test_NG.Job_Details@1ba9117e]" started-at="2024-02-29T17:35:39 IST" name="LoginTest" finished-at="2024-02-29T17:35:46 IST" duration-ms="6543" status="PASS">
          <reporter-output>
          </reporter-output>
        </test-method> <!-- LoginTest -->
        <test-method is-config="true" signature="jobdetails()[pri:0, instance:Manipal_Orange_HRN.project.orange_HRM_Test_NG.Job_Details@1ba9117e]" started-at="2024-02-29T17:35:46 IST" name="jobdetails" finished-at="2024-02-29T17:35:50 IST" duration-ms="3906" status="PASS">
          <reporter-output>
          </reporter-output>
        </test-method> <!-- jobdetails -->
      </class> <!-- Manipal_Orange_HRN.project.orange_HRM_Test_NG.Job_Details -->
      <class name="Manipal_Orange_HRN.project.orange_HRM_Test_NG.Edit_existing_data">
        <test-method signature="LoginTest()[pri:0, instance:Manipal_Orange_HRN.project.orange_HRM_Test_NG.Edit_existing_data@ea6147e]" started-at="2024-02-29T17:36:02 IST" name="LoginTest" finished-at="2024-02-29T17:36:08 IST" duration-ms="5886" status="PASS">
          <reporter-output>
          </reporter-output>
        </test-method> <!-- LoginTest -->
        <test-method is-config="true" signature="editdata()[pri:0, instance:Manipal_Orange_HRN.project.orange_HRM_Test_NG.Edit_existing_data@ea6147e]" started-at="2024-02-29T17:36:08 IST" name="editdata" finished-at="2024-02-29T17:36:15 IST" duration-ms="6961" status="PASS">
          <reporter-output>
          </reporter-output>
        </test-method> <!-- editdata -->
      </class> <!-- Manipal_Orange_HRN.project.orange_HRM_Test_NG.Edit_existing_data -->
      <class name="Manipal_Orange_HRN.project.orange_HRM_Test_NG.Immigration">
        <test-method signature="LoginTest()[pri:0, instance:Manipal_Orange_HRN.project.orange_HRM_Test_NG.Immigration@3fb1549b]" started-at="2024-02-29T17:35:50 IST" name="LoginTest" finished-at="2024-02-29T17:35:55 IST" duration-ms="5874" status="PASS">
          <reporter-output>
          </reporter-output>
        </test-method> <!-- LoginTest -->
        <test-method is-config="true" signature="immigrationTest()[pri:0, instance:Manipal_Orange_HRN.project.orange_HRM_Test_NG.Immigration@3fb1549b]" started-at="2024-02-29T17:35:55 IST" name="immigrationTest" finished-at="2024-02-29T17:36:02 IST" duration-ms="6356" status="PASS">
          <reporter-output>
          </reporter-output>
        </test-method> <!-- immigrationTest -->
      </class> <!-- Manipal_Orange_HRN.project.orange_HRM_Test_NG.Immigration -->
      <class name="Manipal_Orange_HRN.project.orange_HRM_Test_NG.File_upload_immigration">
        <test-method signature="LoginTest()[pri:0, instance:Manipal_Orange_HRN.project.orange_HRM_Test_NG.File_upload_immigration@4d02f94e]" started-at="2024-02-29T17:36:15 IST" name="LoginTest" finished-at="2024-02-29T17:36:23 IST" duration-ms="7923" status="PASS">
          <reporter-output>
          </reporter-output>
        </test-method> <!-- LoginTest -->
        <test-method is-config="true" signature="uploadfile()[pri:0, instance:Manipal_Orange_HRN.project.orange_HRM_Test_NG.File_upload_immigration@4d02f94e]" started-at="2024-02-29T17:36:23 IST" name="uploadfile" finished-at="2024-02-29T17:36:27 IST" duration-ms="4332" status="PASS">
          <reporter-output>
          </reporter-output>
        </test-method> <!-- uploadfile -->
      </class> <!-- Manipal_Orange_HRN.project.orange_HRM_Test_NG.File_upload_immigration -->
    </test> <!-- Test -->
  </suite> <!-- Suite -->
</testng-results>
