<?xml version="1.0" encoding="UTF-8"?>
<testng-results ignored="0" total="4" passed="4" failed="0" skipped="0">
  <reporter-output>
  </reporter-output>
  <suite started-at="2024-02-29T17:34:16 IST" name="Suite" finished-at="2024-02-29T17:35:01 IST" duration-ms="44904">
    <groups>
    </groups>
    <test started-at="2024-02-29T17:34:16 IST" name="Test" finished-at="2024-02-29T17:35:01 IST" duration-ms="44904">
      <class name="Manipal_Orange_HRN.project.orange_HRM_Test_NG.Delete">
        <test-method signature="LoginTest()[pri:0, instance:Manipal_Orange_HRN.project.orange_HRM_Test_NG.Delete@6253c26]" started-at="2024-02-29T17:34:48 IST" name="LoginTest" finished-at="2024-02-29T17:34:57 IST" duration-ms="8245" status="PASS">
          <reporter-output>
          </reporter-output>
        </test-method> <!-- LoginTest -->
        <test-method is-config="true" signature="Deletefile()[pri:0, instance:Manipal_Orange_HRN.project.orange_HRM_Test_NG.Delete@6253c26]" started-at="2024-02-29T17:34:57 IST" name="Deletefile" finished-at="2024-02-29T17:35:01 IST" duration-ms="4024" status="PASS">
          <reporter-output>
          </reporter-output>
        </test-method> <!-- Deletefile -->
      </class> <!-- Manipal_Orange_HRN.project.orange_HRM_Test_NG.Delete -->
      <class name="Manipal_Orange_HRN.project.orange_HRM_Test_NG.Job_Details">
        <test-method signature="LoginTest()[pri:0, instance:Manipal_Orange_HRN.project.orange_HRM_Test_NG.Job_Details@543588e6]" started-at="2024-02-29T17:34:16 IST" name="LoginTest" finished-at="2024-02-29T17:34:22 IST" duration-ms="6467" status="PASS">
          <reporter-output>
          </reporter-output>
        </test-method> <!-- LoginTest -->
        <test-method is-config="true" signature="jobdetails()[pri:0, instance:Manipal_Orange_HRN.project.orange_HRM_Test_NG.Job_Details@543588e6]" started-at="2024-02-29T17:34:22 IST" name="jobdetails" finished-at="2024-02-29T17:34:26 IST" duration-ms="3349" status="PASS">
          <reporter-output>
          </reporter-output>
        </test-method> <!-- jobdetails -->
      </class> <!-- Manipal_Orange_HRN.project.orange_HRM_Test_NG.Job_Details -->
      <class name="Manipal_Orange_HRN.project.orange_HRM_Test_NG.Immigration">
        <test-method signature="LoginTest()[pri:0, instance:Manipal_Orange_HRN.project.orange_HRM_Test_NG.Immigration@290222c1]" started-at="2024-02-29T17:34:26 IST" name="LoginTest" finished-at="2024-02-29T17:34:31 IST" duration-ms="5757" status="PASS">
          <reporter-output>
          </reporter-output>
        </test-method> <!-- LoginTest -->
        <test-method is-config="true" signature="immigrationTest()[pri:0, instance:Manipal_Orange_HRN.project.orange_HRM_Test_NG.Immigration@290222c1]" started-at="2024-02-29T17:34:31 IST" name="immigrationTest" finished-at="2024-02-29T17:34:38 IST" duration-ms="6369" status="PASS">
          <reporter-output>
          </reporter-output>
        </test-method> <!-- immigrationTest -->
      </class> <!-- Manipal_Orange_HRN.project.orange_HRM_Test_NG.Immigration -->
      <class name="Manipal_Orange_HRN.project.orange_HRM_Test_NG.File_upload_immigration">
        <test-method signature="LoginTest()[pri:0, instance:Manipal_Orange_HRN.project.orange_HRM_Test_NG.File_upload_immigration@67f639d3]" started-at="2024-02-29T17:34:38 IST" name="LoginTest" finished-at="2024-02-29T17:34:44 IST" duration-ms="6591" status="PASS">
          <reporter-output>
          </reporter-output>
        </test-method> <!-- LoginTest -->
        <test-method is-config="true" signature="uploadfile()[pri:0, instance:Manipal_Orange_HRN.project.orange_HRM_Test_NG.File_upload_immigration@67f639d3]" started-at="2024-02-29T17:34:44 IST" name="uploadfile" finished-at="2024-02-29T17:34:48 IST" duration-ms="4017" status="PASS">
          <reporter-output>
          </reporter-output>
        </test-method> <!-- uploadfile -->
      </class> <!-- Manipal_Orange_HRN.project.orange_HRM_Test_NG.File_upload_immigration -->
    </test> <!-- Test -->
  </suite> <!-- Suite -->
</testng-results>
